{"message":"Connected to DB!","level":"info"}
{"message":"Express server listening on port 7500","level":"info"}
{"message":"Express server listening on port 7500","level":"info"}
{"message":"Connected to DB!","level":"info"}
{"message":"Connected to DB!","level":"info"}
{"error":{},"level":"error","message":"uncaughtException: log.info is not a function\nTypeError: log.info is not a function\n    at E:\\Study\\NodeJs\\Node-Oauth2\\generateData.js:25:17\n    at E:\\Study\\NodeJs\\Node-Oauth2\\node_modules\\mongoose\\lib\\model.js:4883:16\n    at E:\\Study\\NodeJs\\Node-Oauth2\\node_modules\\mongoose\\lib\\helpers\\promiseOrCallback.js:24:16\n    at E:\\Study\\NodeJs\\Node-Oauth2\\node_modules\\mongoose\\lib\\model.js:4906:21\n    at model.<anonymous> (E:\\Study\\NodeJs\\Node-Oauth2\\node_modules\\mongoose\\lib\\model.js:496:7)\n    at E:\\Study\\NodeJs\\Node-Oauth2\\node_modules\\kareem\\index.js:315:21\n    at next (E:\\Study\\NodeJs\\Node-Oauth2\\node_modules\\kareem\\index.js:209:27)\n    at E:\\Study\\NodeJs\\Node-Oauth2\\node_modules\\kareem\\index.js:182:9\n    at E:\\Study\\NodeJs\\Node-Oauth2\\node_modules\\kareem\\index.js:507:38\n    at processTicksAndRejections (internal/process/task_queues.js:79:11)","stack":"TypeError: log.info is not a function\n    at E:\\Study\\NodeJs\\Node-Oauth2\\generateData.js:25:17\n    at E:\\Study\\NodeJs\\Node-Oauth2\\node_modules\\mongoose\\lib\\model.js:4883:16\n    at E:\\Study\\NodeJs\\Node-Oauth2\\node_modules\\mongoose\\lib\\helpers\\promiseOrCallback.js:24:16\n    at E:\\Study\\NodeJs\\Node-Oauth2\\node_modules\\mongoose\\lib\\model.js:4906:21\n    at model.<anonymous> (E:\\Study\\NodeJs\\Node-Oauth2\\node_modules\\mongoose\\lib\\model.js:496:7)\n    at E:\\Study\\NodeJs\\Node-Oauth2\\node_modules\\kareem\\index.js:315:21\n    at next (E:\\Study\\NodeJs\\Node-Oauth2\\node_modules\\kareem\\index.js:209:27)\n    at E:\\Study\\NodeJs\\Node-Oauth2\\node_modules\\kareem\\index.js:182:9\n    at E:\\Study\\NodeJs\\Node-Oauth2\\node_modules\\kareem\\index.js:507:38\n    at processTicksAndRejections (internal/process/task_queues.js:79:11)","exception":true,"date":"Sat Jun 06 2020 14:04:36 GMT+0530 (India Standard Time)","process":{"pid":7052,"uid":null,"gid":null,"cwd":"E:\\Study\\NodeJs\\Node-Oauth2","execPath":"C:\\Program Files\\nodejs\\node.exe","version":"v14.3.0","argv":["C:\\Program Files\\nodejs\\node.exe","E:\\Study\\NodeJs\\Node-Oauth2\\generateData.js"],"memoryUsage":{"rss":64655360,"heapTotal":55676928,"heapUsed":20339384,"external":19651993,"arrayBuffers":18279451}},"os":{"loadavg":[0,0,0],"uptime":13493},"trace":[{"column":17,"file":"E:\\Study\\NodeJs\\Node-Oauth2\\generateData.js","function":null,"line":25,"method":null,"native":false},{"column":16,"file":"E:\\Study\\NodeJs\\Node-Oauth2\\node_modules\\mongoose\\lib\\model.js","function":null,"line":4883,"method":null,"native":false},{"column":16,"file":"E:\\Study\\NodeJs\\Node-Oauth2\\node_modules\\mongoose\\lib\\helpers\\promiseOrCallback.js","function":null,"line":24,"method":null,"native":false},{"column":21,"file":"E:\\Study\\NodeJs\\Node-Oauth2\\node_modules\\mongoose\\lib\\model.js","function":null,"line":4906,"method":null,"native":false},{"column":7,"file":"E:\\Study\\NodeJs\\Node-Oauth2\\node_modules\\mongoose\\lib\\model.js","function":null,"line":496,"method":null,"native":false},{"column":21,"file":"E:\\Study\\NodeJs\\Node-Oauth2\\node_modules\\kareem\\index.js","function":null,"line":315,"method":null,"native":false},{"column":27,"file":"E:\\Study\\NodeJs\\Node-Oauth2\\node_modules\\kareem\\index.js","function":"next","line":209,"method":null,"native":false},{"column":9,"file":"E:\\Study\\NodeJs\\Node-Oauth2\\node_modules\\kareem\\index.js","function":null,"line":182,"method":null,"native":false},{"column":38,"file":"E:\\Study\\NodeJs\\Node-Oauth2\\node_modules\\kareem\\index.js","function":null,"line":507,"method":null,"native":false},{"column":11,"file":"internal/process/task_queues.js","function":"processTicksAndRejections","line":79,"method":null,"native":false}]}
{"message":"Connected to DB!","level":"info"}
{"level":"info","message":"New user - %s:%s"}
{"level":"info","message":"New client - %s:%s"}
{"message":"Express server listening on port 7500","level":"info"}
{"message":"Connected to DB!","level":"info"}
{"message":"Express server listening on port 7500","level":"info"}
{"message":"Connected to DB!","level":"info"}
{"message":"Express server listening on port 7500","level":"info"}
{"message":"Connected to DB!","level":"info"}
{"message":"Connected to DB!","level":"info"}
{"level":"info","message":"New user - %s:%s"}
{"level":"info","message":"New client - %s:%s"}
{"message":"Express server listening on port 7500","level":"info"}
{"message":"Connected to DB!","level":"info"}
{"message":"Express server listening on port 7500","level":"info"}
{"message":"Connected to DB!","level":"info"}
{"message":"Connected to DB!","level":"info"}
{"level":"info","message":"New user - %s:%s"}
{"level":"info","message":"New client - %s:%s"}
{"message":"Express server listening on port 7500","level":"info"}
{"message":"Connected to DB!","level":"info"}
{"message":"Express server listening on port 7500","level":"info"}
{"message":"Connected to DB!","level":"info"}
{"message":"Express server listening on port 7500","level":"info"}
{"message":"Connected to DB!","level":"info"}
{"level":"info","message":"New article created with id: %s"}
{"level":"error","message":"%s %d %s"}
{"level":"info","message":"Article with id: %s updated"}
{"message":"Express server listening on port 7500","level":"info"}
{"message":"Connected to DB!","level":"info"}
{"level":"error","message":"%s %d %s"}
{"message":"Express server listening on port 7500","level":"info"}
{"message":"Connected to DB!","level":"info"}
{"level":"info","message":"New Blog created with id: %s"}
{"level":"info","message":"Blog with id: %s updated"}
